<?xml version="1.0" encoding="UTF-8"?>
<!-- Generated by org.testng.reporters.JUnitReportReporter -->
<testsuite hostname="nblap247" name="com.care.domestic.SeekerTest" tests="1" failures="0" timestamp="28 Nov 2019 12:06:01 GMT" time="93.837" errors="0">
  <testcase name="createSeekerWithSafetyCase" time="93.837" classname="com.care.domestic.SeekerTest"/>
</testsuite> <!-- com.care.domestic.SeekerTest -->
